mode: set
github.com/onelogin/onelogin-go-sdk/internal/customerrors/errors.go:14.38,15.20 1 1
github.com/onelogin/onelogin-go-sdk/internal/customerrors/errors.go:18.2,19.25 2 1
github.com/onelogin/onelogin-go-sdk/internal/customerrors/errors.go:24.2,24.54 1 1
github.com/onelogin/onelogin-go-sdk/internal/customerrors/errors.go:15.20,17.3 1 1
github.com/onelogin/onelogin-go-sdk/internal/customerrors/errors.go:19.25,20.15 1 1
github.com/onelogin/onelogin-go-sdk/internal/customerrors/errors.go:20.15,22.4 1 1
github.com/onelogin/onelogin-go-sdk/internal/customerrors/oneloginerror.go:13.60,14.16 1 1
github.com/onelogin/onelogin-go-sdk/internal/customerrors/oneloginerror.go:18.2,21.3 1 1
github.com/onelogin/onelogin-go-sdk/internal/customerrors/oneloginerror.go:14.16,16.3 1 1
github.com/onelogin/onelogin-go-sdk/internal/customerrors/oneloginerror.go:24.46,26.24 2 1
github.com/onelogin/onelogin-go-sdk/internal/customerrors/oneloginerror.go:29.2,29.90 1 1
github.com/onelogin/onelogin-go-sdk/internal/customerrors/oneloginerror.go:26.24,28.3 1 1
github.com/onelogin/onelogin-go-sdk/internal/customerrors/requesterror.go:18.76,22.17 3 1
github.com/onelogin/onelogin-go-sdk/internal/customerrors/requesterror.go:26.2,26.54 1 1
github.com/onelogin/onelogin-go-sdk/internal/customerrors/requesterror.go:30.2,30.21 1 1
github.com/onelogin/onelogin-go-sdk/internal/customerrors/requesterror.go:34.2,38.3 1 1
github.com/onelogin/onelogin-go-sdk/internal/customerrors/requesterror.go:22.17,24.3 1 1
github.com/onelogin/onelogin-go-sdk/internal/customerrors/requesterror.go:26.54,28.3 1 1
github.com/onelogin/onelogin-go-sdk/internal/customerrors/requesterror.go:30.21,32.3 1 1
github.com/onelogin/onelogin-go-sdk/internal/customerrors/requesterror.go:41.44,43.23 2 1
github.com/onelogin/onelogin-go-sdk/internal/customerrors/requesterror.go:47.2,47.28 1 1
github.com/onelogin/onelogin-go-sdk/internal/customerrors/requesterror.go:51.2,51.131 1 1
github.com/onelogin/onelogin-go-sdk/internal/customerrors/requesterror.go:43.23,45.3 1 1
github.com/onelogin/onelogin-go-sdk/internal/customerrors/requesterror.go:47.28,49.3 1 1
github.com/onelogin/onelogin-go-sdk/pkg/services/apps/v2.go:21.60,27.2 1 1
github.com/onelogin/onelogin-go-sdk/pkg/services/apps/v2.go:31.62,38.16 2 1
github.com/onelogin/onelogin-go-sdk/pkg/services/apps/v2.go:42.2,45.18 3 1
github.com/onelogin/onelogin-go-sdk/pkg/services/apps/v2.go:38.16,40.3 1 1
github.com/onelogin/onelogin-go-sdk/pkg/services/apps/v2.go:50.54,56.16 2 1
github.com/onelogin/onelogin-go-sdk/pkg/services/apps/v2.go:60.2,63.18 3 1
github.com/onelogin/onelogin-go-sdk/pkg/services/apps/v2.go:56.16,58.3 1 1
github.com/onelogin/onelogin-go-sdk/pkg/services/apps/v2.go:67.46,74.16 2 1
github.com/onelogin/onelogin-go-sdk/pkg/services/apps/v2.go:77.2,78.12 2 1
github.com/onelogin/onelogin-go-sdk/pkg/services/apps/v2.go:74.16,76.3 1 1
github.com/onelogin/onelogin-go-sdk/pkg/services/apps/v2.go:90.54,91.19 1 1
github.com/onelogin/onelogin-go-sdk/pkg/services/apps/v2.go:94.2,95.35 2 1
github.com/onelogin/onelogin-go-sdk/pkg/services/apps/v2.go:98.2,104.16 2 1
github.com/onelogin/onelogin-go-sdk/pkg/services/apps/v2.go:107.2,111.26 3 1
github.com/onelogin/onelogin-go-sdk/pkg/services/apps/v2.go:120.2,120.28 1 1
github.com/onelogin/onelogin-go-sdk/pkg/services/apps/v2.go:91.19,93.3 1 0
github.com/onelogin/onelogin-go-sdk/pkg/services/apps/v2.go:95.35,97.3 1 0
github.com/onelogin/onelogin-go-sdk/pkg/services/apps/v2.go:104.16,106.3 1 1
github.com/onelogin/onelogin-go-sdk/pkg/services/apps/v2.go:111.26,114.24 3 1
github.com/onelogin/onelogin-go-sdk/pkg/services/apps/v2.go:117.3,117.28 1 1
github.com/onelogin/onelogin-go-sdk/pkg/services/apps/v2.go:114.24,116.4 1 0
github.com/onelogin/onelogin-go-sdk/pkg/services/apps/v2.go:124.47,129.17 1 1
github.com/onelogin/onelogin-go-sdk/pkg/services/apps/v2.go:132.2,132.12 1 1
github.com/onelogin/onelogin-go-sdk/pkg/services/apps/v2.go:129.17,131.3 1 1
github.com/onelogin/onelogin-go-sdk/pkg/services/apps/v2.go:138.97,141.40 3 1
github.com/onelogin/onelogin-go-sdk/pkg/services/apps/v2.go:145.2,145.46 1 1
github.com/onelogin/onelogin-go-sdk/pkg/services/apps/v2.go:156.2,156.44 1 1
github.com/onelogin/onelogin-go-sdk/pkg/services/apps/v2.go:141.40,143.3 1 0
github.com/onelogin/onelogin-go-sdk/pkg/services/apps/v2.go:145.46,146.33 1 1
github.com/onelogin/onelogin-go-sdk/pkg/services/apps/v2.go:146.33,151.19 1 1
github.com/onelogin/onelogin-go-sdk/pkg/services/apps/v2.go:151.19,153.5 1 1
github.com/onelogin/onelogin-go-sdk/pkg/oltypes/bool.go:5.27,7.2 1 1
github.com/onelogin/onelogin-go-sdk/pkg/oltypes/bool.go:11.41,12.16 1 1
github.com/onelogin/onelogin-go-sdk/pkg/oltypes/bool.go:16.2,16.21 1 1
github.com/onelogin/onelogin-go-sdk/pkg/oltypes/bool.go:12.16,14.3 1 1
github.com/onelogin/onelogin-go-sdk/pkg/oltypes/number.go:5.30,7.2 1 1
github.com/onelogin/onelogin-go-sdk/pkg/oltypes/number.go:11.44,12.16 1 1
github.com/onelogin/onelogin-go-sdk/pkg/oltypes/number.go:16.2,16.17 1 1
github.com/onelogin/onelogin-go-sdk/pkg/oltypes/number.go:12.16,14.3 1 1
github.com/onelogin/onelogin-go-sdk/pkg/oltypes/number.go:21.30,23.2 1 1
github.com/onelogin/onelogin-go-sdk/pkg/oltypes/number.go:27.44,28.16 1 1
github.com/onelogin/onelogin-go-sdk/pkg/oltypes/number.go:32.2,32.17 1 1
github.com/onelogin/onelogin-go-sdk/pkg/oltypes/number.go:28.16,30.3 1 1
github.com/onelogin/onelogin-go-sdk/pkg/oltypes/strings.go:10.33,12.2 1 1
github.com/onelogin/onelogin-go-sdk/pkg/oltypes/strings.go:16.47,17.16 1 1
github.com/onelogin/onelogin-go-sdk/pkg/oltypes/strings.go:21.2,21.27 1 1
github.com/onelogin/onelogin-go-sdk/pkg/oltypes/strings.go:17.16,19.3 1 1
github.com/onelogin/onelogin-go-sdk/pkg/services/auth_servers/client_apps/v2.go:21.60,27.2 1 1
github.com/onelogin/onelogin-go-sdk/pkg/services/auth_servers/client_apps/v2.go:31.74,37.16 2 1
github.com/onelogin/onelogin-go-sdk/pkg/services/auth_servers/client_apps/v2.go:41.2,43.21 3 1
github.com/onelogin/onelogin-go-sdk/pkg/services/auth_servers/client_apps/v2.go:37.16,39.3 1 1
github.com/onelogin/onelogin-go-sdk/pkg/services/auth_servers/client_apps/v2.go:47.58,48.35 1 1
github.com/onelogin/onelogin-go-sdk/pkg/services/auth_servers/client_apps/v2.go:51.2,57.16 2 1
github.com/onelogin/onelogin-go-sdk/pkg/services/auth_servers/client_apps/v2.go:61.2,66.12 5 1
github.com/onelogin/onelogin-go-sdk/pkg/services/auth_servers/client_apps/v2.go:48.35,50.3 1 1
github.com/onelogin/onelogin-go-sdk/pkg/services/auth_servers/client_apps/v2.go:57.16,59.3 1 1
github.com/onelogin/onelogin-go-sdk/pkg/services/auth_servers/client_apps/v2.go:70.58,71.58 1 1
github.com/onelogin/onelogin-go-sdk/pkg/services/auth_servers/client_apps/v2.go:74.2,80.16 2 1
github.com/onelogin/onelogin-go-sdk/pkg/services/auth_servers/client_apps/v2.go:84.2,89.12 5 1
github.com/onelogin/onelogin-go-sdk/pkg/services/auth_servers/client_apps/v2.go:71.58,73.3 1 1
github.com/onelogin/onelogin-go-sdk/pkg/services/auth_servers/client_apps/v2.go:80.16,82.3 1 1
github.com/onelogin/onelogin-go-sdk/pkg/services/auth_servers/client_apps/v2.go:94.63,99.17 1 1
github.com/onelogin/onelogin-go-sdk/pkg/services/auth_servers/client_apps/v2.go:102.2,102.12 1 1
github.com/onelogin/onelogin-go-sdk/pkg/services/auth_servers/client_apps/v2.go:99.17,101.3 1 1
github.com/onelogin/onelogin-go-sdk/pkg/services/auth_servers/v2.go:21.60,27.2 1 1
github.com/onelogin/onelogin-go-sdk/pkg/services/auth_servers/v2.go:31.75,38.16 2 1
github.com/onelogin/onelogin-go-sdk/pkg/services/auth_servers/v2.go:42.2,44.26 3 1
github.com/onelogin/onelogin-go-sdk/pkg/services/auth_servers/v2.go:38.16,40.3 1 1
github.com/onelogin/onelogin-go-sdk/pkg/services/auth_servers/v2.go:48.61,54.16 2 1
github.com/onelogin/onelogin-go-sdk/pkg/services/auth_servers/v2.go:57.2,59.25 3 1
github.com/onelogin/onelogin-go-sdk/pkg/services/auth_servers/v2.go:54.16,56.3 1 1
github.com/onelogin/onelogin-go-sdk/pkg/services/auth_servers/v2.go:64.60,71.16 2 1
github.com/onelogin/onelogin-go-sdk/pkg/services/auth_servers/v2.go:74.2,77.12 4 1
github.com/onelogin/onelogin-go-sdk/pkg/services/auth_servers/v2.go:71.16,73.3 1 1
github.com/onelogin/onelogin-go-sdk/pkg/services/auth_servers/v2.go:82.60,83.26 1 1
github.com/onelogin/onelogin-go-sdk/pkg/services/auth_servers/v2.go:86.2,92.16 2 1
github.com/onelogin/onelogin-go-sdk/pkg/services/auth_servers/v2.go:95.2,95.12 1 1
github.com/onelogin/onelogin-go-sdk/pkg/services/auth_servers/v2.go:83.26,85.3 1 0
github.com/onelogin/onelogin-go-sdk/pkg/services/auth_servers/v2.go:92.16,94.3 1 1
github.com/onelogin/onelogin-go-sdk/pkg/services/auth_servers/v2.go:99.47,104.17 1 1
github.com/onelogin/onelogin-go-sdk/pkg/services/auth_servers/v2.go:107.2,107.12 1 1
github.com/onelogin/onelogin-go-sdk/pkg/services/auth_servers/v2.go:104.17,106.3 1 1
github.com/onelogin/onelogin-go-sdk/pkg/services/apps/app_rules/v2.go:25.94,32.2 1 1
github.com/onelogin/onelogin-go-sdk/pkg/services/apps/app_rules/v2.go:36.69,42.16 2 1
github.com/onelogin/onelogin-go-sdk/pkg/services/apps/app_rules/v2.go:46.2,48.22 3 1
github.com/onelogin/onelogin-go-sdk/pkg/services/apps/app_rules/v2.go:42.16,44.3 1 1
github.com/onelogin/onelogin-go-sdk/pkg/services/apps/app_rules/v2.go:53.71,59.16 2 1
github.com/onelogin/onelogin-go-sdk/pkg/services/apps/app_rules/v2.go:63.2,65.22 3 1
github.com/onelogin/onelogin-go-sdk/pkg/services/apps/app_rules/v2.go:59.16,61.3 1 1
github.com/onelogin/onelogin-go-sdk/pkg/services/apps/app_rules/v2.go:69.54,70.26 1 1
github.com/onelogin/onelogin-go-sdk/pkg/services/apps/app_rules/v2.go:73.2,79.16 2 1
github.com/onelogin/onelogin-go-sdk/pkg/services/apps/app_rules/v2.go:82.2,83.12 2 1
github.com/onelogin/onelogin-go-sdk/pkg/services/apps/app_rules/v2.go:70.26,72.3 1 1
github.com/onelogin/onelogin-go-sdk/pkg/services/apps/app_rules/v2.go:79.16,81.3 1 1
github.com/onelogin/onelogin-go-sdk/pkg/services/apps/app_rules/v2.go:87.54,88.47 1 1
github.com/onelogin/onelogin-go-sdk/pkg/services/apps/app_rules/v2.go:91.2,92.26 2 1
github.com/onelogin/onelogin-go-sdk/pkg/services/apps/app_rules/v2.go:96.2,102.16 2 1
github.com/onelogin/onelogin-go-sdk/pkg/services/apps/app_rules/v2.go:105.2,106.12 2 1
github.com/onelogin/onelogin-go-sdk/pkg/services/apps/app_rules/v2.go:88.47,90.3 1 1
github.com/onelogin/onelogin-go-sdk/pkg/services/apps/app_rules/v2.go:92.26,95.3 2 1
github.com/onelogin/onelogin-go-sdk/pkg/services/apps/app_rules/v2.go:102.16,104.3 1 1
github.com/onelogin/onelogin-go-sdk/pkg/services/apps/app_rules/v2.go:111.60,116.17 1 1
github.com/onelogin/onelogin-go-sdk/pkg/services/apps/app_rules/v2.go:119.2,119.12 1 1
github.com/onelogin/onelogin-go-sdk/pkg/services/apps/app_rules/v2.go:116.17,118.3 1 1
github.com/onelogin/onelogin-go-sdk/pkg/services/apps/app_rules/v2.go:122.72,126.44 4 1
github.com/onelogin/onelogin-go-sdk/pkg/services/apps/app_rules/v2.go:130.2,130.38 1 1
github.com/onelogin/onelogin-go-sdk/pkg/services/apps/app_rules/v2.go:134.2,138.39 2 1
github.com/onelogin/onelogin-go-sdk/pkg/services/apps/app_rules/v2.go:156.2,159.44 3 1
github.com/onelogin/onelogin-go-sdk/pkg/services/apps/app_rules/v2.go:183.2,183.38 1 1
github.com/onelogin/onelogin-go-sdk/pkg/services/apps/app_rules/v2.go:201.2,201.44 1 1
github.com/onelogin/onelogin-go-sdk/pkg/services/apps/app_rules/v2.go:126.44,129.3 2 1
github.com/onelogin/onelogin-go-sdk/pkg/services/apps/app_rules/v2.go:130.38,132.3 1 1
github.com/onelogin/onelogin-go-sdk/pkg/services/apps/app_rules/v2.go:138.39,140.63 2 1
github.com/onelogin/onelogin-go-sdk/pkg/services/apps/app_rules/v2.go:140.63,144.18 4 1
github.com/onelogin/onelogin-go-sdk/pkg/services/apps/app_rules/v2.go:147.4,148.42 2 1
github.com/onelogin/onelogin-go-sdk/pkg/services/apps/app_rules/v2.go:151.4,153.18 3 1
github.com/onelogin/onelogin-go-sdk/pkg/services/apps/app_rules/v2.go:144.18,146.5 1 1
github.com/onelogin/onelogin-go-sdk/pkg/services/apps/app_rules/v2.go:148.42,150.5 1 1
github.com/onelogin/onelogin-go-sdk/pkg/services/apps/app_rules/v2.go:159.44,160.52 1 1
github.com/onelogin/onelogin-go-sdk/pkg/services/apps/app_rules/v2.go:167.3,167.94 1 1
github.com/onelogin/onelogin-go-sdk/pkg/services/apps/app_rules/v2.go:174.3,174.97 1 1
github.com/onelogin/onelogin-go-sdk/pkg/services/apps/app_rules/v2.go:160.52,162.18 2 1
github.com/onelogin/onelogin-go-sdk/pkg/services/apps/app_rules/v2.go:162.18,165.5 2 1
github.com/onelogin/onelogin-go-sdk/pkg/services/apps/app_rules/v2.go:167.94,169.18 2 1
github.com/onelogin/onelogin-go-sdk/pkg/services/apps/app_rules/v2.go:169.18,172.5 2 1
github.com/onelogin/onelogin-go-sdk/pkg/services/apps/app_rules/v2.go:174.97,176.18 2 1
github.com/onelogin/onelogin-go-sdk/pkg/services/apps/app_rules/v2.go:176.18,179.5 2 1
github.com/onelogin/onelogin-go-sdk/pkg/services/apps/app_rules/v2.go:183.38,184.49 1 1
github.com/onelogin/onelogin-go-sdk/pkg/services/apps/app_rules/v2.go:191.3,191.36 1 1
github.com/onelogin/onelogin-go-sdk/pkg/services/apps/app_rules/v2.go:184.49,186.18 2 1
github.com/onelogin/onelogin-go-sdk/pkg/services/apps/app_rules/v2.go:186.18,189.5 2 1
github.com/onelogin/onelogin-go-sdk/pkg/services/apps/app_rules/v2.go:191.36,192.89 1 1
github.com/onelogin/onelogin-go-sdk/pkg/services/apps/app_rules/v2.go:192.89,194.19 2 1
github.com/onelogin/onelogin-go-sdk/pkg/services/apps/app_rules/v2.go:194.19,197.6 2 1
github.com/onelogin/onelogin-go-sdk/pkg/services/auth_servers/access_token_claims/v2.go:21.60,27.2 1 1
github.com/onelogin/onelogin-go-sdk/pkg/services/auth_servers/access_token_claims/v2.go:31.88,37.16 2 1
github.com/onelogin/onelogin-go-sdk/pkg/services/auth_servers/access_token_claims/v2.go:41.2,43.31 3 1
github.com/onelogin/onelogin-go-sdk/pkg/services/auth_servers/access_token_claims/v2.go:37.16,39.3 1 1
github.com/onelogin/onelogin-go-sdk/pkg/services/auth_servers/access_token_claims/v2.go:47.72,48.42 1 1
github.com/onelogin/onelogin-go-sdk/pkg/services/auth_servers/access_token_claims/v2.go:51.2,57.16 2 1
github.com/onelogin/onelogin-go-sdk/pkg/services/auth_servers/access_token_claims/v2.go:60.2,63.12 4 1
github.com/onelogin/onelogin-go-sdk/pkg/services/auth_servers/access_token_claims/v2.go:48.42,50.3 1 1
github.com/onelogin/onelogin-go-sdk/pkg/services/auth_servers/access_token_claims/v2.go:57.16,59.3 1 1
github.com/onelogin/onelogin-go-sdk/pkg/services/auth_servers/access_token_claims/v2.go:67.72,68.72 1 1
github.com/onelogin/onelogin-go-sdk/pkg/services/auth_servers/access_token_claims/v2.go:71.2,82.16 2 1
github.com/onelogin/onelogin-go-sdk/pkg/services/auth_servers/access_token_claims/v2.go:85.2,85.12 1 1
github.com/onelogin/onelogin-go-sdk/pkg/services/auth_servers/access_token_claims/v2.go:68.72,70.3 1 1
github.com/onelogin/onelogin-go-sdk/pkg/services/auth_servers/access_token_claims/v2.go:82.16,84.3 1 1
github.com/onelogin/onelogin-go-sdk/pkg/services/auth_servers/access_token_claims/v2.go:90.73,95.17 1 1
github.com/onelogin/onelogin-go-sdk/pkg/services/auth_servers/access_token_claims/v2.go:98.2,98.12 1 1
github.com/onelogin/onelogin-go-sdk/pkg/services/auth_servers/access_token_claims/v2.go:95.17,97.3 1 1
github.com/onelogin/onelogin-go-sdk/pkg/services/legal_values/legal_values.go:20.69,26.2 1 1
github.com/onelogin/onelogin-go-sdk/pkg/services/legal_values/legal_values.go:28.82,34.16 2 1
github.com/onelogin/onelogin-go-sdk/pkg/services/legal_values/legal_values.go:38.2,38.60 1 1
github.com/onelogin/onelogin-go-sdk/pkg/services/legal_values/legal_values.go:42.2,42.12 1 1
github.com/onelogin/onelogin-go-sdk/pkg/services/legal_values/legal_values.go:34.16,36.3 1 1
github.com/onelogin/onelogin-go-sdk/pkg/services/legal_values/legal_values.go:38.60,40.3 1 1
github.com/onelogin/onelogin-go-sdk/pkg/services/auth_servers/scopes/v2.go:21.60,27.2 1 1
github.com/onelogin/onelogin-go-sdk/pkg/services/auth_servers/scopes/v2.go:31.66,37.16 2 1
github.com/onelogin/onelogin-go-sdk/pkg/services/auth_servers/scopes/v2.go:41.2,43.20 3 1
github.com/onelogin/onelogin-go-sdk/pkg/services/auth_servers/scopes/v2.go:37.16,39.3 1 1
github.com/onelogin/onelogin-go-sdk/pkg/services/auth_servers/scopes/v2.go:47.50,48.31 1 1
github.com/onelogin/onelogin-go-sdk/pkg/services/auth_servers/scopes/v2.go:51.2,57.16 2 1
github.com/onelogin/onelogin-go-sdk/pkg/services/auth_servers/scopes/v2.go:60.2,63.12 4 1
github.com/onelogin/onelogin-go-sdk/pkg/services/auth_servers/scopes/v2.go:48.31,50.3 1 1
github.com/onelogin/onelogin-go-sdk/pkg/services/auth_servers/scopes/v2.go:57.16,59.3 1 1
github.com/onelogin/onelogin-go-sdk/pkg/services/auth_servers/scopes/v2.go:67.50,68.50 1 1
github.com/onelogin/onelogin-go-sdk/pkg/services/auth_servers/scopes/v2.go:71.2,82.16 2 1
github.com/onelogin/onelogin-go-sdk/pkg/services/auth_servers/scopes/v2.go:85.2,85.12 1 1
github.com/onelogin/onelogin-go-sdk/pkg/services/auth_servers/scopes/v2.go:68.50,70.3 1 1
github.com/onelogin/onelogin-go-sdk/pkg/services/auth_servers/scopes/v2.go:82.16,84.3 1 1
github.com/onelogin/onelogin-go-sdk/pkg/services/auth_servers/scopes/v2.go:90.62,95.17 1 1
github.com/onelogin/onelogin-go-sdk/pkg/services/auth_servers/scopes/v2.go:98.2,98.12 1 1
github.com/onelogin/onelogin-go-sdk/pkg/services/auth_servers/scopes/v2.go:95.17,97.3 1 1
github.com/onelogin/onelogin-go-sdk/pkg/services/olhttp/olrequest.go:30.57,36.2 1 1
github.com/onelogin/onelogin-go-sdk/pkg/services/olhttp/olrequest.go:46.62,49.19 3 1
github.com/onelogin/onelogin-go-sdk/pkg/services/olhttp/olrequest.go:53.2,53.36 1 1
github.com/onelogin/onelogin-go-sdk/pkg/services/olhttp/olrequest.go:59.2,64.16 3 1
github.com/onelogin/onelogin-go-sdk/pkg/services/olhttp/olrequest.go:67.2,67.6 1 1
github.com/onelogin/onelogin-go-sdk/pkg/services/olhttp/olrequest.go:79.2,79.16 1 1
github.com/onelogin/onelogin-go-sdk/pkg/services/olhttp/olrequest.go:82.2,82.18 1 1
github.com/onelogin/onelogin-go-sdk/pkg/services/olhttp/olrequest.go:49.19,51.3 1 0
github.com/onelogin/onelogin-go-sdk/pkg/services/olhttp/olrequest.go:53.36,54.77 1 1
github.com/onelogin/onelogin-go-sdk/pkg/services/olhttp/olrequest.go:54.77,56.4 1 0
github.com/onelogin/onelogin-go-sdk/pkg/services/olhttp/olrequest.go:64.16,66.3 1 0
github.com/onelogin/onelogin-go-sdk/pkg/services/olhttp/olrequest.go:67.6,70.17 3 1
github.com/onelogin/onelogin-go-sdk/pkg/services/olhttp/olrequest.go:73.3,76.58 4 1
github.com/onelogin/onelogin-go-sdk/pkg/services/olhttp/olrequest.go:70.17,71.9 1 1
github.com/onelogin/onelogin-go-sdk/pkg/services/olhttp/olrequest.go:79.16,81.3 1 0
github.com/onelogin/onelogin-go-sdk/pkg/services/olhttp/olrequest.go:86.64,92.36 3 1
github.com/onelogin/onelogin-go-sdk/pkg/services/olhttp/olrequest.go:101.2,101.19 1 1
github.com/onelogin/onelogin-go-sdk/pkg/services/olhttp/olrequest.go:104.2,105.16 2 1
github.com/onelogin/onelogin-go-sdk/pkg/services/olhttp/olrequest.go:108.2,108.18 1 1
github.com/onelogin/onelogin-go-sdk/pkg/services/olhttp/olrequest.go:92.36,94.22 2 1
github.com/onelogin/onelogin-go-sdk/pkg/services/olhttp/olrequest.go:97.3,97.99 1 1
github.com/onelogin/onelogin-go-sdk/pkg/services/olhttp/olrequest.go:94.22,96.4 1 0
github.com/onelogin/onelogin-go-sdk/pkg/services/olhttp/olrequest.go:98.8,100.3 1 1
github.com/onelogin/onelogin-go-sdk/pkg/services/olhttp/olrequest.go:101.19,103.3 1 0
github.com/onelogin/onelogin-go-sdk/pkg/services/olhttp/olrequest.go:105.16,107.3 1 1
github.com/onelogin/onelogin-go-sdk/pkg/services/olhttp/olrequest.go:112.64,118.36 3 1
github.com/onelogin/onelogin-go-sdk/pkg/services/olhttp/olrequest.go:127.2,127.19 1 1
github.com/onelogin/onelogin-go-sdk/pkg/services/olhttp/olrequest.go:130.2,131.16 2 1
github.com/onelogin/onelogin-go-sdk/pkg/services/olhttp/olrequest.go:134.2,134.18 1 1
github.com/onelogin/onelogin-go-sdk/pkg/services/olhttp/olrequest.go:118.36,120.22 2 1
github.com/onelogin/onelogin-go-sdk/pkg/services/olhttp/olrequest.go:123.3,123.98 1 1
github.com/onelogin/onelogin-go-sdk/pkg/services/olhttp/olrequest.go:120.22,122.4 1 0
github.com/onelogin/onelogin-go-sdk/pkg/services/olhttp/olrequest.go:124.8,126.3 1 1
github.com/onelogin/onelogin-go-sdk/pkg/services/olhttp/olrequest.go:127.19,129.3 1 0
github.com/onelogin/onelogin-go-sdk/pkg/services/olhttp/olrequest.go:131.16,133.3 1 0
github.com/onelogin/onelogin-go-sdk/pkg/services/olhttp/olrequest.go:138.65,141.19 3 1
github.com/onelogin/onelogin-go-sdk/pkg/services/olhttp/olrequest.go:144.2,145.16 2 1
github.com/onelogin/onelogin-go-sdk/pkg/services/olhttp/olrequest.go:148.2,148.18 1 1
github.com/onelogin/onelogin-go-sdk/pkg/services/olhttp/olrequest.go:141.19,143.3 1 0
github.com/onelogin/onelogin-go-sdk/pkg/services/olhttp/olrequest.go:145.16,147.3 1 0
github.com/onelogin/onelogin-go-sdk/pkg/services/olhttp/olrequest.go:152.74,155.16 3 1
github.com/onelogin/onelogin-go-sdk/pkg/services/olhttp/olrequest.go:158.2,159.45 2 1
github.com/onelogin/onelogin-go-sdk/pkg/services/olhttp/olrequest.go:162.2,162.22 1 1
github.com/onelogin/onelogin-go-sdk/pkg/services/olhttp/olrequest.go:167.2,168.12 2 1
github.com/onelogin/onelogin-go-sdk/pkg/services/olhttp/olrequest.go:155.16,157.3 1 0
github.com/onelogin/onelogin-go-sdk/pkg/services/olhttp/olrequest.go:159.45,161.3 1 0
github.com/onelogin/onelogin-go-sdk/pkg/services/olhttp/olrequest.go:162.22,163.14 1 1
github.com/onelogin/onelogin-go-sdk/pkg/services/olhttp/olrequest.go:163.14,165.4 1 1
github.com/onelogin/onelogin-go-sdk/pkg/services/olhttp/olrequest.go:173.97,175.48 1 1
github.com/onelogin/onelogin-go-sdk/pkg/services/olhttp/olrequest.go:178.2,178.53 1 1
github.com/onelogin/onelogin-go-sdk/pkg/services/olhttp/olrequest.go:193.2,193.12 1 1
github.com/onelogin/onelogin-go-sdk/pkg/services/olhttp/olrequest.go:175.48,177.3 1 1
github.com/onelogin/onelogin-go-sdk/pkg/services/olhttp/olrequest.go:179.16,180.51 1 1
github.com/onelogin/onelogin-go-sdk/pkg/services/olhttp/olrequest.go:185.3,185.46 1 1
github.com/onelogin/onelogin-go-sdk/pkg/services/olhttp/olrequest.go:188.15,189.65 1 1
github.com/onelogin/onelogin-go-sdk/pkg/services/olhttp/olrequest.go:190.10,190.10 0 1
github.com/onelogin/onelogin-go-sdk/pkg/services/olhttp/olrequest.go:180.51,181.46 1 1
github.com/onelogin/onelogin-go-sdk/pkg/services/olhttp/olrequest.go:181.46,183.5 1 1
github.com/onelogin/onelogin-go-sdk/pkg/services/olhttp/olrequest.go:185.46,187.4 1 1
github.com/onelogin/onelogin-go-sdk/pkg/services/olhttp/olrequest.go:198.121,199.64 1 1
github.com/onelogin/onelogin-go-sdk/pkg/services/olhttp/olrequest.go:202.2,203.16 2 1
github.com/onelogin/onelogin-go-sdk/pkg/services/olhttp/olrequest.go:208.2,209.16 2 1
github.com/onelogin/onelogin-go-sdk/pkg/services/olhttp/olrequest.go:212.2,214.9 2 1
github.com/onelogin/onelogin-go-sdk/pkg/services/olhttp/olrequest.go:199.64,201.3 1 1
github.com/onelogin/onelogin-go-sdk/pkg/services/olhttp/olrequest.go:203.16,207.3 3 0
github.com/onelogin/onelogin-go-sdk/pkg/services/olhttp/olrequest.go:209.16,211.3 1 0
github.com/onelogin/onelogin-go-sdk/pkg/services/olhttp/olrequest.go:215.91,216.45 1 1
github.com/onelogin/onelogin-go-sdk/pkg/services/olhttp/olrequest.go:222.3,222.99 1 1
github.com/onelogin/onelogin-go-sdk/pkg/services/olhttp/olrequest.go:223.56,224.105 1 1
github.com/onelogin/onelogin-go-sdk/pkg/services/olhttp/olrequest.go:225.56,226.104 1 1
github.com/onelogin/onelogin-go-sdk/pkg/services/olhttp/olrequest.go:227.10,228.33 1 1
github.com/onelogin/onelogin-go-sdk/pkg/services/olhttp/olrequest.go:216.45,217.46 1 1
github.com/onelogin/onelogin-go-sdk/pkg/services/olhttp/olrequest.go:220.4,220.48 1 1
github.com/onelogin/onelogin-go-sdk/pkg/services/olhttp/olrequest.go:217.46,219.5 1 0
github.com/onelogin/onelogin-go-sdk/pkg/services/olhttp/olrequest.go:233.71,240.16 2 1
github.com/onelogin/onelogin-go-sdk/pkg/services/olhttp/olrequest.go:244.2,245.53 2 1
github.com/onelogin/onelogin-go-sdk/pkg/services/olhttp/olrequest.go:248.2,248.20 1 1
github.com/onelogin/onelogin-go-sdk/pkg/services/olhttp/olrequest.go:240.16,242.3 1 1
github.com/onelogin/onelogin-go-sdk/pkg/services/olhttp/olrequest.go:245.53,247.3 1 0
github.com/onelogin/onelogin-go-sdk/pkg/services/olhttp/olrequest.go:252.47,255.16 3 1
github.com/onelogin/onelogin-go-sdk/pkg/services/olhttp/olrequest.go:258.2,258.12 1 1
github.com/onelogin/onelogin-go-sdk/pkg/services/olhttp/olrequest.go:255.16,257.3 1 1
github.com/onelogin/onelogin-go-sdk/pkg/services/session_login_tokens/v1.go:19.60,25.2 1 1
github.com/onelogin/onelogin-go-sdk/pkg/services/session_login_tokens/v1.go:29.93,36.16 2 1
github.com/onelogin/onelogin-go-sdk/pkg/services/session_login_tokens/v1.go:39.2,41.30 3 1
github.com/onelogin/onelogin-go-sdk/pkg/services/session_login_tokens/v1.go:36.16,38.3 1 1
github.com/onelogin/onelogin-go-sdk/pkg/services/privileges/v1.go:22.60,28.2 1 1
github.com/onelogin/onelogin-go-sdk/pkg/services/privileges/v1.go:32.73,39.16 2 1
github.com/onelogin/onelogin-go-sdk/pkg/services/privileges/v1.go:43.2,46.24 3 1
github.com/onelogin/onelogin-go-sdk/pkg/services/privileges/v1.go:39.16,41.3 1 1
github.com/onelogin/onelogin-go-sdk/pkg/services/privileges/v1.go:54.90,61.16 2 1
github.com/onelogin/onelogin-go-sdk/pkg/services/privileges/v1.go:65.2,68.28 4 1
github.com/onelogin/onelogin-go-sdk/pkg/services/privileges/v1.go:75.2,75.25 1 1
github.com/onelogin/onelogin-go-sdk/pkg/services/privileges/v1.go:61.16,63.3 1 1
github.com/onelogin/onelogin-go-sdk/pkg/services/privileges/v1.go:68.28,70.15 2 1
github.com/onelogin/onelogin-go-sdk/pkg/services/privileges/v1.go:70.15,72.4 1 1
github.com/onelogin/onelogin-go-sdk/pkg/services/privileges/v1.go:80.61,86.16 2 1
github.com/onelogin/onelogin-go-sdk/pkg/services/privileges/v1.go:90.2,94.24 4 1
github.com/onelogin/onelogin-go-sdk/pkg/services/privileges/v1.go:86.16,88.3 1 1
github.com/onelogin/onelogin-go-sdk/pkg/services/privileges/v1.go:99.58,110.16 6 1
github.com/onelogin/onelogin-go-sdk/pkg/services/privileges/v1.go:114.2,114.55 1 1
github.com/onelogin/onelogin-go-sdk/pkg/services/privileges/v1.go:118.2,121.63 3 1
github.com/onelogin/onelogin-go-sdk/pkg/services/privileges/v1.go:126.2,126.12 1 1
github.com/onelogin/onelogin-go-sdk/pkg/services/privileges/v1.go:110.16,112.3 1 1
github.com/onelogin/onelogin-go-sdk/pkg/services/privileges/v1.go:114.55,116.3 1 0
github.com/onelogin/onelogin-go-sdk/pkg/services/privileges/v1.go:121.63,124.3 2 1
github.com/onelogin/onelogin-go-sdk/pkg/services/privileges/v1.go:131.58,132.25 1 1
github.com/onelogin/onelogin-go-sdk/pkg/services/privileges/v1.go:137.2,146.16 4 1
github.com/onelogin/onelogin-go-sdk/pkg/services/privileges/v1.go:150.2,155.63 4 1
github.com/onelogin/onelogin-go-sdk/pkg/services/privileges/v1.go:161.2,162.16 2 1
github.com/onelogin/onelogin-go-sdk/pkg/services/privileges/v1.go:166.2,169.84 3 1
github.com/onelogin/onelogin-go-sdk/pkg/services/privileges/v1.go:175.2,175.84 1 1
github.com/onelogin/onelogin-go-sdk/pkg/services/privileges/v1.go:181.2,181.12 1 1
github.com/onelogin/onelogin-go-sdk/pkg/services/privileges/v1.go:132.25,134.3 1 1
github.com/onelogin/onelogin-go-sdk/pkg/services/privileges/v1.go:146.16,148.3 1 1
github.com/onelogin/onelogin-go-sdk/pkg/services/privileges/v1.go:155.63,159.3 3 0
github.com/onelogin/onelogin-go-sdk/pkg/services/privileges/v1.go:162.16,164.3 1 0
github.com/onelogin/onelogin-go-sdk/pkg/services/privileges/v1.go:169.84,173.3 3 0
github.com/onelogin/onelogin-go-sdk/pkg/services/privileges/v1.go:175.84,179.3 3 0
github.com/onelogin/onelogin-go-sdk/pkg/services/privileges/v1.go:185.48,190.17 1 1
github.com/onelogin/onelogin-go-sdk/pkg/services/privileges/v1.go:193.2,193.12 1 1
github.com/onelogin/onelogin-go-sdk/pkg/services/privileges/v1.go:190.17,192.3 1 1
github.com/onelogin/onelogin-go-sdk/pkg/services/privileges/v1.go:196.92,198.26 2 1
github.com/onelogin/onelogin-go-sdk/pkg/services/privileges/v1.go:221.2,221.21 1 1
github.com/onelogin/onelogin-go-sdk/pkg/services/privileges/v1.go:198.26,201.33 3 1
github.com/onelogin/onelogin-go-sdk/pkg/services/privileges/v1.go:215.3,215.20 1 1
github.com/onelogin/onelogin-go-sdk/pkg/services/privileges/v1.go:201.33,203.53 2 1
github.com/onelogin/onelogin-go-sdk/pkg/services/privileges/v1.go:212.4,213.12 2 1
github.com/onelogin/onelogin-go-sdk/pkg/services/privileges/v1.go:203.53,211.5 3 1
github.com/onelogin/onelogin-go-sdk/pkg/services/privileges/v1.go:215.20,216.9 1 1
github.com/onelogin/onelogin-go-sdk/pkg/services/privileges/v1.go:216.9,218.5 1 0
github.com/onelogin/onelogin-go-sdk/pkg/services/privileges/v1.go:233.65,243.29 7 1
github.com/onelogin/onelogin-go-sdk/pkg/services/privileges/v1.go:246.2,246.29 1 1
github.com/onelogin/onelogin-go-sdk/pkg/services/privileges/v1.go:249.2,249.68 1 1
github.com/onelogin/onelogin-go-sdk/pkg/services/privileges/v1.go:243.29,245.3 1 1
github.com/onelogin/onelogin-go-sdk/pkg/services/privileges/v1.go:246.29,248.3 1 1
github.com/onelogin/onelogin-go-sdk/pkg/services/privileges/v1.go:252.101,258.16 2 1
github.com/onelogin/onelogin-go-sdk/pkg/services/privileges/v1.go:261.2,265.10 4 1
github.com/onelogin/onelogin-go-sdk/pkg/services/privileges/v1.go:258.16,260.3 1 1
github.com/onelogin/onelogin-go-sdk/pkg/services/privileges/v1.go:276.68,287.2 7 1
github.com/onelogin/onelogin-go-sdk/pkg/services/privileges/v1.go:289.121,291.26 1 1
github.com/onelogin/onelogin-go-sdk/pkg/services/privileges/v1.go:313.2,313.10 1 1
github.com/onelogin/onelogin-go-sdk/pkg/services/privileges/v1.go:291.26,298.17 2 1
github.com/onelogin/onelogin-go-sdk/pkg/services/privileges/v1.go:302.3,305.20 3 1
github.com/onelogin/onelogin-go-sdk/pkg/services/privileges/v1.go:298.17,300.4 1 0
github.com/onelogin/onelogin-go-sdk/pkg/services/privileges/v1.go:305.20,307.4 1 1
github.com/onelogin/onelogin-go-sdk/pkg/services/privileges/v1.go:307.9,309.4 1 1
github.com/onelogin/onelogin-go-sdk/pkg/services/privileges/v1.go:310.8,312.3 1 1
github.com/onelogin/onelogin-go-sdk/pkg/services/privileges/v1.go:316.65,318.22 2 1
github.com/onelogin/onelogin-go-sdk/pkg/services/privileges/v1.go:321.2,321.22 1 1
github.com/onelogin/onelogin-go-sdk/pkg/services/privileges/v1.go:324.2,324.32 1 1
github.com/onelogin/onelogin-go-sdk/pkg/services/privileges/v1.go:327.2,327.64 1 1
github.com/onelogin/onelogin-go-sdk/pkg/services/privileges/v1.go:318.22,320.3 1 1
github.com/onelogin/onelogin-go-sdk/pkg/services/privileges/v1.go:321.22,323.3 1 1
github.com/onelogin/onelogin-go-sdk/pkg/services/privileges/v1.go:324.32,326.3 1 1
github.com/onelogin/onelogin-go-sdk/pkg/services/privileges/v1.go:330.49,333.25 3 1
github.com/onelogin/onelogin-go-sdk/pkg/services/privileges/v1.go:336.2,336.24 1 1
github.com/onelogin/onelogin-go-sdk/pkg/services/privileges/v1.go:341.2,341.16 1 1
github.com/onelogin/onelogin-go-sdk/pkg/services/privileges/v1.go:333.25,335.3 1 1
github.com/onelogin/onelogin-go-sdk/pkg/services/privileges/v1.go:336.24,337.12 1 1
github.com/onelogin/onelogin-go-sdk/pkg/services/privileges/v1.go:337.12,339.4 1 1
github.com/onelogin/onelogin-go-sdk/pkg/services/roles/v1.go:20.60,26.2 1 1
github.com/onelogin/onelogin-go-sdk/pkg/services/roles/v1.go:30.63,37.16 2 1
github.com/onelogin/onelogin-go-sdk/pkg/services/roles/v1.go:41.2,43.19 3 1
github.com/onelogin/onelogin-go-sdk/pkg/services/roles/v1.go:37.16,39.3 1 1
github.com/onelogin/onelogin-go-sdk/pkg/services/roles/v1.go:47.55,53.16 2 1
github.com/onelogin/onelogin-go-sdk/pkg/services/roles/v1.go:56.2,58.19 3 1
github.com/onelogin/onelogin-go-sdk/pkg/services/roles/v1.go:53.16,55.3 1 1
github.com/onelogin/onelogin-go-sdk/pkg/services/roles/v1.go:63.48,70.16 2 1
github.com/onelogin/onelogin-go-sdk/pkg/services/roles/v1.go:73.2,74.12 2 1
github.com/onelogin/onelogin-go-sdk/pkg/services/roles/v1.go:70.16,72.3 1 1
github.com/onelogin/onelogin-go-sdk/pkg/services/roles/v1.go:79.48,80.20 1 1
github.com/onelogin/onelogin-go-sdk/pkg/services/roles/v1.go:84.2,93.16 4 1
github.com/onelogin/onelogin-go-sdk/pkg/services/roles/v1.go:97.2,98.12 2 1
github.com/onelogin/onelogin-go-sdk/pkg/services/roles/v1.go:80.20,82.3 1 1
github.com/onelogin/onelogin-go-sdk/pkg/services/roles/v1.go:93.16,95.3 1 1
github.com/onelogin/onelogin-go-sdk/pkg/services/roles/v1.go:102.47,107.17 1 1
github.com/onelogin/onelogin-go-sdk/pkg/services/roles/v1.go:110.2,110.12 1 1
github.com/onelogin/onelogin-go-sdk/pkg/services/roles/v1.go:107.17,109.3 1 1
github.com/onelogin/onelogin-go-sdk/pkg/services/user_mappings/v2.go:27.94,34.2 1 1
github.com/onelogin/onelogin-go-sdk/pkg/services/user_mappings/v2.go:38.78,45.16 2 1
github.com/onelogin/onelogin-go-sdk/pkg/services/user_mappings/v2.go:49.2,52.26 3 1
github.com/onelogin/onelogin-go-sdk/pkg/services/user_mappings/v2.go:45.16,47.3 1 1
github.com/onelogin/onelogin-go-sdk/pkg/services/user_mappings/v2.go:57.62,63.16 2 1
github.com/onelogin/onelogin-go-sdk/pkg/services/user_mappings/v2.go:67.2,70.22 3 1
github.com/onelogin/onelogin-go-sdk/pkg/services/user_mappings/v2.go:63.16,65.3 1 1
github.com/onelogin/onelogin-go-sdk/pkg/services/user_mappings/v2.go:75.58,76.23 1 1
github.com/onelogin/onelogin-go-sdk/pkg/services/user_mappings/v2.go:79.2,80.26 2 1
github.com/onelogin/onelogin-go-sdk/pkg/services/user_mappings/v2.go:83.2,91.16 4 1
github.com/onelogin/onelogin-go-sdk/pkg/services/user_mappings/v2.go:95.2,100.12 4 1
github.com/onelogin/onelogin-go-sdk/pkg/services/user_mappings/v2.go:76.23,78.3 1 0
github.com/onelogin/onelogin-go-sdk/pkg/services/user_mappings/v2.go:80.26,82.3 1 1
github.com/onelogin/onelogin-go-sdk/pkg/services/user_mappings/v2.go:91.16,93.3 1 1
github.com/onelogin/onelogin-go-sdk/pkg/services/user_mappings/v2.go:105.58,107.26 2 1
github.com/onelogin/onelogin-go-sdk/pkg/services/user_mappings/v2.go:110.2,117.16 2 1
github.com/onelogin/onelogin-go-sdk/pkg/services/user_mappings/v2.go:120.2,125.12 4 1
github.com/onelogin/onelogin-go-sdk/pkg/services/user_mappings/v2.go:107.26,109.3 1 1
github.com/onelogin/onelogin-go-sdk/pkg/services/user_mappings/v2.go:117.16,119.3 1 1
github.com/onelogin/onelogin-go-sdk/pkg/services/user_mappings/v2.go:129.47,134.17 1 1
github.com/onelogin/onelogin-go-sdk/pkg/services/user_mappings/v2.go:137.2,137.12 1 1
github.com/onelogin/onelogin-go-sdk/pkg/services/user_mappings/v2.go:134.17,136.3 1 1
github.com/onelogin/onelogin-go-sdk/pkg/services/user_mappings/v2.go:140.82,144.47 4 1
github.com/onelogin/onelogin-go-sdk/pkg/services/user_mappings/v2.go:148.2,148.41 1 1
github.com/onelogin/onelogin-go-sdk/pkg/services/user_mappings/v2.go:152.2,156.39 2 1
github.com/onelogin/onelogin-go-sdk/pkg/services/user_mappings/v2.go:174.2,177.47 3 1
github.com/onelogin/onelogin-go-sdk/pkg/services/user_mappings/v2.go:201.2,201.41 1 1
github.com/onelogin/onelogin-go-sdk/pkg/services/user_mappings/v2.go:219.2,219.44 1 1
github.com/onelogin/onelogin-go-sdk/pkg/services/user_mappings/v2.go:144.47,147.3 2 1
github.com/onelogin/onelogin-go-sdk/pkg/services/user_mappings/v2.go:148.41,150.3 1 1
github.com/onelogin/onelogin-go-sdk/pkg/services/user_mappings/v2.go:156.39,158.63 2 1
github.com/onelogin/onelogin-go-sdk/pkg/services/user_mappings/v2.go:158.63,162.18 4 1
github.com/onelogin/onelogin-go-sdk/pkg/services/user_mappings/v2.go:165.4,166.42 2 1
github.com/onelogin/onelogin-go-sdk/pkg/services/user_mappings/v2.go:169.4,171.18 3 1
github.com/onelogin/onelogin-go-sdk/pkg/services/user_mappings/v2.go:162.18,164.5 1 0
github.com/onelogin/onelogin-go-sdk/pkg/services/user_mappings/v2.go:166.42,168.5 1 1
github.com/onelogin/onelogin-go-sdk/pkg/services/user_mappings/v2.go:177.47,178.55 1 1
github.com/onelogin/onelogin-go-sdk/pkg/services/user_mappings/v2.go:185.3,185.97 1 1
github.com/onelogin/onelogin-go-sdk/pkg/services/user_mappings/v2.go:192.3,192.100 1 1
github.com/onelogin/onelogin-go-sdk/pkg/services/user_mappings/v2.go:178.55,180.18 2 1
github.com/onelogin/onelogin-go-sdk/pkg/services/user_mappings/v2.go:180.18,183.5 2 1
github.com/onelogin/onelogin-go-sdk/pkg/services/user_mappings/v2.go:185.97,187.18 2 1
github.com/onelogin/onelogin-go-sdk/pkg/services/user_mappings/v2.go:187.18,190.5 2 1
github.com/onelogin/onelogin-go-sdk/pkg/services/user_mappings/v2.go:192.100,194.18 2 1
github.com/onelogin/onelogin-go-sdk/pkg/services/user_mappings/v2.go:194.18,197.5 2 1
github.com/onelogin/onelogin-go-sdk/pkg/services/user_mappings/v2.go:201.41,202.52 1 1
github.com/onelogin/onelogin-go-sdk/pkg/services/user_mappings/v2.go:209.3,209.36 1 1
github.com/onelogin/onelogin-go-sdk/pkg/services/user_mappings/v2.go:202.52,204.18 2 1
github.com/onelogin/onelogin-go-sdk/pkg/services/user_mappings/v2.go:204.18,207.5 2 1
github.com/onelogin/onelogin-go-sdk/pkg/services/user_mappings/v2.go:209.36,210.92 1 1
github.com/onelogin/onelogin-go-sdk/pkg/services/user_mappings/v2.go:210.92,212.19 2 1
github.com/onelogin/onelogin-go-sdk/pkg/services/user_mappings/v2.go:212.19,215.6 2 1
github.com/onelogin/onelogin-go-sdk/pkg/services/users/v2.go:20.60,26.2 1 1
github.com/onelogin/onelogin-go-sdk/pkg/services/users/v2.go:30.63,37.16 2 1
github.com/onelogin/onelogin-go-sdk/pkg/services/users/v2.go:41.2,43.19 3 1
github.com/onelogin/onelogin-go-sdk/pkg/services/users/v2.go:37.16,39.3 1 1
github.com/onelogin/onelogin-go-sdk/pkg/services/users/v2.go:47.55,53.16 2 1
github.com/onelogin/onelogin-go-sdk/pkg/services/users/v2.go:56.2,58.19 3 1
github.com/onelogin/onelogin-go-sdk/pkg/services/users/v2.go:53.16,55.3 1 1
github.com/onelogin/onelogin-go-sdk/pkg/services/users/v2.go:63.48,70.16 2 1
github.com/onelogin/onelogin-go-sdk/pkg/services/users/v2.go:73.2,74.12 2 1
github.com/onelogin/onelogin-go-sdk/pkg/services/users/v2.go:70.16,72.3 1 1
github.com/onelogin/onelogin-go-sdk/pkg/services/users/v2.go:79.48,80.20 1 1
github.com/onelogin/onelogin-go-sdk/pkg/services/users/v2.go:83.2,89.16 2 1
github.com/onelogin/onelogin-go-sdk/pkg/services/users/v2.go:92.2,93.12 2 1
github.com/onelogin/onelogin-go-sdk/pkg/services/users/v2.go:80.20,82.3 1 1
github.com/onelogin/onelogin-go-sdk/pkg/services/users/v2.go:89.16,91.3 1 1
github.com/onelogin/onelogin-go-sdk/pkg/services/users/v2.go:97.47,102.17 1 1
github.com/onelogin/onelogin-go-sdk/pkg/services/users/v2.go:105.2,105.12 1 1
github.com/onelogin/onelogin-go-sdk/pkg/services/users/v2.go:102.17,104.3 1 1
github.com/onelogin/onelogin-go-sdk/pkg/utils/utils.go:12.56,15.2 2 1
github.com/onelogin/onelogin-go-sdk/pkg/utils/utils.go:18.37,31.2 10 1
github.com/onelogin/onelogin-go-sdk/pkg/utils/utils.go:35.55,37.25 2 1
github.com/onelogin/onelogin-go-sdk/pkg/utils/utils.go:43.2,43.14 1 1
github.com/onelogin/onelogin-go-sdk/pkg/utils/utils.go:46.2,46.12 1 1
github.com/onelogin/onelogin-go-sdk/pkg/utils/utils.go:37.25,39.14 2 1
github.com/onelogin/onelogin-go-sdk/pkg/utils/utils.go:39.14,40.9 1 1
github.com/onelogin/onelogin-go-sdk/pkg/utils/utils.go:43.14,45.3 1 1
github.com/onelogin/onelogin-go-sdk/pkg/utils/utils.go:56.31,59.2 2 1
github.com/onelogin/onelogin-go-sdk/pkg/utils/utils.go:64.36,65.18 1 1
github.com/onelogin/onelogin-go-sdk/pkg/utils/utils.go:68.2,69.16 2 1
github.com/onelogin/onelogin-go-sdk/pkg/utils/utils.go:65.18,67.3 1 1
github.com/onelogin/onelogin-go-sdk/pkg/utils/utils.go:74.36,75.19 1 1
github.com/onelogin/onelogin-go-sdk/pkg/utils/utils.go:78.2,79.14 2 1
github.com/onelogin/onelogin-go-sdk/pkg/utils/utils.go:83.2,83.29 1 1
github.com/onelogin/onelogin-go-sdk/pkg/utils/utils.go:75.19,77.3 1 1
github.com/onelogin/onelogin-go-sdk/pkg/utils/utils.go:79.14,82.3 2 0
github.com/onelogin/onelogin-go-sdk/pkg/client/client.go:54.58,56.16 2 1
github.com/onelogin/onelogin-go-sdk/pkg/client/client.go:60.2,94.8 4 1
github.com/onelogin/onelogin-go-sdk/pkg/client/client.go:56.16,58.3 1 1
github.com/onelogin/onelogin-go-sdk/pkg/client/client_config.go:32.68,35.28 1 1
github.com/onelogin/onelogin-go-sdk/pkg/client/client_config.go:40.2,40.32 1 1
github.com/onelogin/onelogin-go-sdk/pkg/client/client_config.go:43.2,43.23 1 1
github.com/onelogin/onelogin-go-sdk/pkg/client/client_config.go:52.2,52.22 1 1
github.com/onelogin/onelogin-go-sdk/pkg/client/client_config.go:56.2,56.17 1 1
github.com/onelogin/onelogin-go-sdk/pkg/client/client_config.go:35.28,37.3 1 1
github.com/onelogin/onelogin-go-sdk/pkg/client/client_config.go:40.32,42.3 1 1
github.com/onelogin/onelogin-go-sdk/pkg/client/client_config.go:43.23,45.37 1 1
github.com/onelogin/onelogin-go-sdk/pkg/client/client_config.go:48.3,48.53 1 1
github.com/onelogin/onelogin-go-sdk/pkg/client/client_config.go:45.37,47.4 1 1
github.com/onelogin/onelogin-go-sdk/pkg/client/client_config.go:52.22,54.3 1 1
github.com/onelogin/onelogin-go-sdk/pkg/client/client_config.go:59.44,61.2 1 1
github.com/onelogin/onelogin-go-sdk/pkg/services/smarthooks/model.go:52.47,53.26 1 1
github.com/onelogin/onelogin-go-sdk/pkg/services/smarthooks/model.go:57.2,59.12 3 1
github.com/onelogin/onelogin-go-sdk/pkg/services/smarthooks/model.go:53.26,55.3 1 1
github.com/onelogin/onelogin-go-sdk/pkg/services/smarthooks/model.go:63.47,64.26 1 1
github.com/onelogin/onelogin-go-sdk/pkg/services/smarthooks/model.go:67.2,69.12 3 1
github.com/onelogin/onelogin-go-sdk/pkg/services/smarthooks/model.go:64.26,66.3 1 0
github.com/onelogin/onelogin-go-sdk/pkg/services/smarthooks/v1.go:20.60,26.2 1 1
github.com/onelogin/onelogin-go-sdk/pkg/services/smarthooks/v1.go:35.73,42.16 2 1
github.com/onelogin/onelogin-go-sdk/pkg/services/smarthooks/v1.go:46.2,48.24 3 1
github.com/onelogin/onelogin-go-sdk/pkg/services/smarthooks/v1.go:42.16,44.3 1 1
github.com/onelogin/onelogin-go-sdk/pkg/services/smarthooks/v1.go:52.61,59.16 3 1
github.com/onelogin/onelogin-go-sdk/pkg/services/smarthooks/v1.go:62.2,63.18 2 1
github.com/onelogin/onelogin-go-sdk/pkg/services/smarthooks/v1.go:59.16,61.3 1 1
github.com/onelogin/onelogin-go-sdk/pkg/services/smarthooks/v1.go:68.72,70.31 2 1
github.com/onelogin/onelogin-go-sdk/pkg/services/smarthooks/v1.go:74.2,75.38 2 1
github.com/onelogin/onelogin-go-sdk/pkg/services/smarthooks/v1.go:78.2,89.16 3 1
github.com/onelogin/onelogin-go-sdk/pkg/services/smarthooks/v1.go:93.2,94.18 2 1
github.com/onelogin/onelogin-go-sdk/pkg/services/smarthooks/v1.go:70.31,72.3 1 1
github.com/onelogin/onelogin-go-sdk/pkg/services/smarthooks/v1.go:75.38,77.3 1 0
github.com/onelogin/onelogin-go-sdk/pkg/services/smarthooks/v1.go:89.16,91.3 1 1
github.com/onelogin/onelogin-go-sdk/pkg/services/smarthooks/v1.go:99.72,101.25 2 1
github.com/onelogin/onelogin-go-sdk/pkg/services/smarthooks/v1.go:104.2,104.31 1 1
github.com/onelogin/onelogin-go-sdk/pkg/services/smarthooks/v1.go:108.2,109.38 2 1
github.com/onelogin/onelogin-go-sdk/pkg/services/smarthooks/v1.go:112.2,125.16 5 1
github.com/onelogin/onelogin-go-sdk/pkg/services/smarthooks/v1.go:129.2,130.18 2 1
github.com/onelogin/onelogin-go-sdk/pkg/services/smarthooks/v1.go:101.25,103.3 1 1
github.com/onelogin/onelogin-go-sdk/pkg/services/smarthooks/v1.go:104.31,106.3 1 1
github.com/onelogin/onelogin-go-sdk/pkg/services/smarthooks/v1.go:109.38,111.3 1 0
github.com/onelogin/onelogin-go-sdk/pkg/services/smarthooks/v1.go:125.16,127.3 1 1
github.com/onelogin/onelogin-go-sdk/pkg/services/smarthooks/v1.go:134.48,139.17 1 1
github.com/onelogin/onelogin-go-sdk/pkg/services/smarthooks/v1.go:142.2,142.12 1 1
github.com/onelogin/onelogin-go-sdk/pkg/services/smarthooks/v1.go:139.17,141.3 1 1
github.com/onelogin/onelogin-go-sdk/pkg/services/smarthooks/envs/v1.go:21.60,27.2 1 1
github.com/onelogin/onelogin-go-sdk/pkg/services/smarthooks/envs/v1.go:31.76,38.16 2 1
github.com/onelogin/onelogin-go-sdk/pkg/services/smarthooks/envs/v1.go:42.2,44.21 3 1
github.com/onelogin/onelogin-go-sdk/pkg/services/smarthooks/envs/v1.go:38.16,40.3 1 1
github.com/onelogin/onelogin-go-sdk/pkg/services/smarthooks/envs/v1.go:48.58,55.16 3 1
github.com/onelogin/onelogin-go-sdk/pkg/services/smarthooks/envs/v1.go:58.2,59.18 2 1
github.com/onelogin/onelogin-go-sdk/pkg/services/smarthooks/envs/v1.go:55.16,57.3 1 1
github.com/onelogin/onelogin-go-sdk/pkg/services/smarthooks/envs/v1.go:64.63,66.47 2 1
github.com/onelogin/onelogin-go-sdk/pkg/services/smarthooks/envs/v1.go:70.2,76.16 2 1
github.com/onelogin/onelogin-go-sdk/pkg/services/smarthooks/envs/v1.go:80.2,81.18 2 1
github.com/onelogin/onelogin-go-sdk/pkg/services/smarthooks/envs/v1.go:66.47,68.3 1 1
github.com/onelogin/onelogin-go-sdk/pkg/services/smarthooks/envs/v1.go:76.16,78.3 1 1
github.com/onelogin/onelogin-go-sdk/pkg/services/smarthooks/envs/v1.go:86.63,88.44 2 1
github.com/onelogin/onelogin-go-sdk/pkg/services/smarthooks/envs/v1.go:100.2,100.22 1 1
github.com/onelogin/onelogin-go-sdk/pkg/services/smarthooks/envs/v1.go:103.2,103.25 1 1
github.com/onelogin/onelogin-go-sdk/pkg/services/smarthooks/envs/v1.go:107.2,119.16 7 1
github.com/onelogin/onelogin-go-sdk/pkg/services/smarthooks/envs/v1.go:123.2,124.18 2 1
github.com/onelogin/onelogin-go-sdk/pkg/services/smarthooks/envs/v1.go:88.44,90.17 2 1
github.com/onelogin/onelogin-go-sdk/pkg/services/smarthooks/envs/v1.go:93.3,93.30 1 1
github.com/onelogin/onelogin-go-sdk/pkg/services/smarthooks/envs/v1.go:90.17,92.4 1 0
github.com/onelogin/onelogin-go-sdk/pkg/services/smarthooks/envs/v1.go:93.30,94.31 1 1
github.com/onelogin/onelogin-go-sdk/pkg/services/smarthooks/envs/v1.go:94.31,96.10 2 1
github.com/onelogin/onelogin-go-sdk/pkg/services/smarthooks/envs/v1.go:100.22,102.3 1 1
github.com/onelogin/onelogin-go-sdk/pkg/services/smarthooks/envs/v1.go:103.25,105.3 1 1
github.com/onelogin/onelogin-go-sdk/pkg/services/smarthooks/envs/v1.go:119.16,121.3 1 1
github.com/onelogin/onelogin-go-sdk/pkg/services/smarthooks/envs/v1.go:128.48,133.17 1 1
github.com/onelogin/onelogin-go-sdk/pkg/services/smarthooks/envs/v1.go:136.2,136.12 1 1
github.com/onelogin/onelogin-go-sdk/pkg/services/smarthooks/envs/v1.go:133.17,135.3 1 1
