mode: set
github.com/onelogin/onelogin-go-sdk/pkg/client/client.go:33.58,35.16 2 1
github.com/onelogin/onelogin-go-sdk/pkg/client/client.go:39.2,64.8 5 1
github.com/onelogin/onelogin-go-sdk/pkg/client/client.go:35.16,37.3 1 1
github.com/onelogin/onelogin-go-sdk/pkg/client/client_config.go:32.68,35.28 1 1
github.com/onelogin/onelogin-go-sdk/pkg/client/client_config.go:40.2,40.32 1 1
github.com/onelogin/onelogin-go-sdk/pkg/client/client_config.go:43.2,43.23 1 1
github.com/onelogin/onelogin-go-sdk/pkg/client/client_config.go:52.2,52.22 1 1
github.com/onelogin/onelogin-go-sdk/pkg/client/client_config.go:56.2,56.17 1 1
github.com/onelogin/onelogin-go-sdk/pkg/client/client_config.go:35.28,37.3 1 1
github.com/onelogin/onelogin-go-sdk/pkg/client/client_config.go:40.32,42.3 1 1
github.com/onelogin/onelogin-go-sdk/pkg/client/client_config.go:43.23,45.37 1 1
github.com/onelogin/onelogin-go-sdk/pkg/client/client_config.go:48.3,48.53 1 1
github.com/onelogin/onelogin-go-sdk/pkg/client/client_config.go:45.37,47.4 1 1
github.com/onelogin/onelogin-go-sdk/pkg/client/client_config.go:52.22,54.3 1 1
github.com/onelogin/onelogin-go-sdk/pkg/client/client_config.go:59.44,61.2 1 1
github.com/onelogin/onelogin-go-sdk/pkg/utils/string_utils.go:9.56,12.2 2 1
github.com/onelogin/onelogin-go-sdk/pkg/utils/string_utils.go:15.37,28.2 10 1
github.com/onelogin/onelogin-go-sdk/pkg/services/session_login_tokens/v1.go:20.59,26.2 1 1
github.com/onelogin/onelogin-go-sdk/pkg/services/session_login_tokens/v1.go:30.93,38.16 2 1
github.com/onelogin/onelogin-go-sdk/pkg/services/session_login_tokens/v1.go:41.2,43.16 3 1
github.com/onelogin/onelogin-go-sdk/pkg/services/session_login_tokens/v1.go:46.2,46.30 1 1
github.com/onelogin/onelogin-go-sdk/pkg/services/session_login_tokens/v1.go:38.16,40.3 1 1
github.com/onelogin/onelogin-go-sdk/pkg/services/session_login_tokens/v1.go:43.16,45.3 1 0
github.com/onelogin/onelogin-go-sdk/internal/customerrors/oneloginerror.go:13.60,14.16 1 1
github.com/onelogin/onelogin-go-sdk/internal/customerrors/oneloginerror.go:18.2,21.3 1 1
github.com/onelogin/onelogin-go-sdk/internal/customerrors/oneloginerror.go:14.16,16.3 1 1
github.com/onelogin/onelogin-go-sdk/internal/customerrors/oneloginerror.go:24.46,26.24 2 1
github.com/onelogin/onelogin-go-sdk/internal/customerrors/oneloginerror.go:29.2,29.90 1 1
github.com/onelogin/onelogin-go-sdk/internal/customerrors/oneloginerror.go:26.24,28.3 1 1
github.com/onelogin/onelogin-go-sdk/internal/customerrors/requesterror.go:18.76,22.17 3 1
github.com/onelogin/onelogin-go-sdk/internal/customerrors/requesterror.go:26.2,26.54 1 1
github.com/onelogin/onelogin-go-sdk/internal/customerrors/requesterror.go:30.2,30.21 1 1
github.com/onelogin/onelogin-go-sdk/internal/customerrors/requesterror.go:34.2,38.3 1 1
github.com/onelogin/onelogin-go-sdk/internal/customerrors/requesterror.go:22.17,24.3 1 1
github.com/onelogin/onelogin-go-sdk/internal/customerrors/requesterror.go:26.54,28.3 1 1
github.com/onelogin/onelogin-go-sdk/internal/customerrors/requesterror.go:30.21,32.3 1 1
github.com/onelogin/onelogin-go-sdk/internal/customerrors/requesterror.go:41.44,43.23 2 1
github.com/onelogin/onelogin-go-sdk/internal/customerrors/requesterror.go:47.2,47.28 1 1
github.com/onelogin/onelogin-go-sdk/internal/customerrors/requesterror.go:51.2,51.131 1 1
github.com/onelogin/onelogin-go-sdk/internal/customerrors/requesterror.go:43.23,45.3 1 1
github.com/onelogin/onelogin-go-sdk/internal/customerrors/requesterror.go:47.28,49.3 1 1
github.com/onelogin/onelogin-go-sdk/pkg/services/apps/v2.go:22.59,28.2 1 1
github.com/onelogin/onelogin-go-sdk/pkg/services/apps/v2.go:32.61,39.16 2 1
github.com/onelogin/onelogin-go-sdk/pkg/services/apps/v2.go:43.2,44.51 2 1
github.com/onelogin/onelogin-go-sdk/pkg/services/apps/v2.go:48.2,48.22 1 1
github.com/onelogin/onelogin-go-sdk/pkg/services/apps/v2.go:65.2,65.18 1 1
github.com/onelogin/onelogin-go-sdk/pkg/services/apps/v2.go:39.16,41.3 1 0
github.com/onelogin/onelogin-go-sdk/pkg/services/apps/v2.go:44.51,46.3 1 0
github.com/onelogin/onelogin-go-sdk/pkg/services/apps/v2.go:48.22,54.17 2 1
github.com/onelogin/onelogin-go-sdk/pkg/services/apps/v2.go:57.3,58.53 2 1
github.com/onelogin/onelogin-go-sdk/pkg/services/apps/v2.go:62.3,62.24 1 1
github.com/onelogin/onelogin-go-sdk/pkg/services/apps/v2.go:54.17,56.4 1 0
github.com/onelogin/onelogin-go-sdk/pkg/services/apps/v2.go:58.53,60.4 1 0
github.com/onelogin/onelogin-go-sdk/pkg/services/apps/v2.go:70.54,76.16 2 1
github.com/onelogin/onelogin-go-sdk/pkg/services/apps/v2.go:80.2,81.50 2 1
github.com/onelogin/onelogin-go-sdk/pkg/services/apps/v2.go:84.2,90.16 2 1
github.com/onelogin/onelogin-go-sdk/pkg/services/apps/v2.go:100.2,100.18 1 1
github.com/onelogin/onelogin-go-sdk/pkg/services/apps/v2.go:76.16,78.3 1 1
github.com/onelogin/onelogin-go-sdk/pkg/services/apps/v2.go:81.50,83.3 1 0
github.com/onelogin/onelogin-go-sdk/pkg/services/apps/v2.go:90.16,93.3 2 0
github.com/onelogin/onelogin-go-sdk/pkg/services/apps/v2.go:93.8,95.53 2 1
github.com/onelogin/onelogin-go-sdk/pkg/services/apps/v2.go:98.3,98.20 1 1
github.com/onelogin/onelogin-go-sdk/pkg/services/apps/v2.go:95.53,97.4 1 0
github.com/onelogin/onelogin-go-sdk/pkg/services/apps/v2.go:105.54,113.16 3 1
github.com/onelogin/onelogin-go-sdk/pkg/services/apps/v2.go:116.2,116.53 1 1
github.com/onelogin/onelogin-go-sdk/pkg/services/apps/v2.go:119.2,120.49 2 1
github.com/onelogin/onelogin-go-sdk/pkg/services/apps/v2.go:124.2,124.21 1 1
github.com/onelogin/onelogin-go-sdk/pkg/services/apps/v2.go:113.16,115.3 1 1
github.com/onelogin/onelogin-go-sdk/pkg/services/apps/v2.go:116.53,118.3 1 0
github.com/onelogin/onelogin-go-sdk/pkg/services/apps/v2.go:120.49,122.3 1 1
github.com/onelogin/onelogin-go-sdk/pkg/services/apps/v2.go:129.64,137.16 3 1
github.com/onelogin/onelogin-go-sdk/pkg/services/apps/v2.go:140.2,140.57 1 1
github.com/onelogin/onelogin-go-sdk/pkg/services/apps/v2.go:143.2,144.53 2 1
github.com/onelogin/onelogin-go-sdk/pkg/services/apps/v2.go:147.2,149.25 3 1
github.com/onelogin/onelogin-go-sdk/pkg/services/apps/v2.go:137.16,139.3 1 1
github.com/onelogin/onelogin-go-sdk/pkg/services/apps/v2.go:140.57,142.3 1 0
github.com/onelogin/onelogin-go-sdk/pkg/services/apps/v2.go:144.53,146.3 1 0
github.com/onelogin/onelogin-go-sdk/pkg/services/apps/v2.go:153.47,158.17 1 1
github.com/onelogin/onelogin-go-sdk/pkg/services/apps/v2.go:161.2,161.12 1 1
github.com/onelogin/onelogin-go-sdk/pkg/services/apps/v2.go:158.17,160.3 1 1
github.com/onelogin/onelogin-go-sdk/pkg/services/apps/v2.go:166.98,169.41 2 1
github.com/onelogin/onelogin-go-sdk/pkg/services/apps/v2.go:175.2,175.45 1 1
github.com/onelogin/onelogin-go-sdk/pkg/services/apps/v2.go:184.2,184.12 1 1
github.com/onelogin/onelogin-go-sdk/pkg/services/apps/v2.go:169.41,170.22 1 0
github.com/onelogin/onelogin-go-sdk/pkg/services/apps/v2.go:170.22,172.4 1 0
github.com/onelogin/onelogin-go-sdk/pkg/services/apps/v2.go:175.45,176.32 1 0
github.com/onelogin/onelogin-go-sdk/pkg/services/apps/v2.go:176.32,182.4 1 0
github.com/onelogin/onelogin-go-sdk/pkg/services/apps/v2.go:189.80,200.39 5 1
github.com/onelogin/onelogin-go-sdk/pkg/services/apps/v2.go:203.2,203.41 1 1
github.com/onelogin/onelogin-go-sdk/pkg/services/apps/v2.go:212.2,212.12 1 1
github.com/onelogin/onelogin-go-sdk/pkg/services/apps/v2.go:200.39,202.3 1 1
github.com/onelogin/onelogin-go-sdk/pkg/services/apps/v2.go:203.41,204.32 1 1
github.com/onelogin/onelogin-go-sdk/pkg/services/apps/v2.go:204.32,210.4 1 0
github.com/onelogin/onelogin-go-sdk/pkg/services/apps/v2.go:217.52,222.30 2 1
github.com/onelogin/onelogin-go-sdk/pkg/services/apps/v2.go:244.2,244.16 1 1
github.com/onelogin/onelogin-go-sdk/pkg/services/apps/v2.go:255.2,255.12 1 1
github.com/onelogin/onelogin-go-sdk/pkg/services/apps/v2.go:222.30,223.29 1 1
github.com/onelogin/onelogin-go-sdk/pkg/services/apps/v2.go:238.3,238.17 1 1
github.com/onelogin/onelogin-go-sdk/pkg/services/apps/v2.go:223.29,230.4 1 1
github.com/onelogin/onelogin-go-sdk/pkg/services/apps/v2.go:230.9,237.4 1 1
github.com/onelogin/onelogin-go-sdk/pkg/services/apps/v2.go:238.17,242.4 3 1
github.com/onelogin/onelogin-go-sdk/pkg/services/apps/v2.go:244.16,254.3 5 1
github.com/onelogin/onelogin-go-sdk/pkg/oltypes/bool.go:5.27,7.2 1 1
github.com/onelogin/onelogin-go-sdk/pkg/oltypes/bool.go:11.41,12.16 1 1
github.com/onelogin/onelogin-go-sdk/pkg/oltypes/bool.go:16.2,16.21 1 1
github.com/onelogin/onelogin-go-sdk/pkg/oltypes/bool.go:12.16,14.3 1 1
github.com/onelogin/onelogin-go-sdk/pkg/oltypes/number.go:5.30,7.2 1 1
github.com/onelogin/onelogin-go-sdk/pkg/oltypes/number.go:11.44,12.16 1 1
github.com/onelogin/onelogin-go-sdk/pkg/oltypes/number.go:16.2,16.17 1 1
github.com/onelogin/onelogin-go-sdk/pkg/oltypes/number.go:12.16,14.3 1 1
github.com/onelogin/onelogin-go-sdk/pkg/oltypes/number.go:21.30,23.2 1 1
github.com/onelogin/onelogin-go-sdk/pkg/oltypes/number.go:27.44,28.16 1 1
github.com/onelogin/onelogin-go-sdk/pkg/oltypes/number.go:32.2,32.17 1 1
github.com/onelogin/onelogin-go-sdk/pkg/oltypes/number.go:28.16,30.3 1 1
github.com/onelogin/onelogin-go-sdk/pkg/oltypes/strings.go:10.33,12.2 1 1
github.com/onelogin/onelogin-go-sdk/pkg/oltypes/strings.go:16.47,17.16 1 1
github.com/onelogin/onelogin-go-sdk/pkg/oltypes/strings.go:21.2,21.27 1 1
github.com/onelogin/onelogin-go-sdk/pkg/oltypes/strings.go:17.16,19.3 1 1
github.com/onelogin/onelogin-go-sdk/pkg/services/olhttp/olrequest.go:29.57,35.2 1 1
github.com/onelogin/onelogin-go-sdk/pkg/services/olhttp/olrequest.go:45.62,48.19 3 1
github.com/onelogin/onelogin-go-sdk/pkg/services/olhttp/olrequest.go:52.2,52.36 1 1
github.com/onelogin/onelogin-go-sdk/pkg/services/olhttp/olrequest.go:58.2,63.16 3 1
github.com/onelogin/onelogin-go-sdk/pkg/services/olhttp/olrequest.go:66.2,66.6 1 1
github.com/onelogin/onelogin-go-sdk/pkg/services/olhttp/olrequest.go:78.2,78.16 1 1
github.com/onelogin/onelogin-go-sdk/pkg/services/olhttp/olrequest.go:81.2,81.18 1 1
github.com/onelogin/onelogin-go-sdk/pkg/services/olhttp/olrequest.go:48.19,50.3 1 0
github.com/onelogin/onelogin-go-sdk/pkg/services/olhttp/olrequest.go:52.36,53.69 1 1
github.com/onelogin/onelogin-go-sdk/pkg/services/olhttp/olrequest.go:53.69,55.4 1 0
github.com/onelogin/onelogin-go-sdk/pkg/services/olhttp/olrequest.go:63.16,65.3 1 0
github.com/onelogin/onelogin-go-sdk/pkg/services/olhttp/olrequest.go:66.6,69.31 3 1
github.com/onelogin/onelogin-go-sdk/pkg/services/olhttp/olrequest.go:72.3,75.58 4 1
github.com/onelogin/onelogin-go-sdk/pkg/services/olhttp/olrequest.go:69.31,70.9 1 1
github.com/onelogin/onelogin-go-sdk/pkg/services/olhttp/olrequest.go:78.16,80.3 1 0
github.com/onelogin/onelogin-go-sdk/pkg/services/olhttp/olrequest.go:85.64,91.36 3 1
github.com/onelogin/onelogin-go-sdk/pkg/services/olhttp/olrequest.go:100.2,100.19 1 1
github.com/onelogin/onelogin-go-sdk/pkg/services/olhttp/olrequest.go:103.2,104.16 2 1
github.com/onelogin/onelogin-go-sdk/pkg/services/olhttp/olrequest.go:107.2,107.18 1 1
github.com/onelogin/onelogin-go-sdk/pkg/services/olhttp/olrequest.go:91.36,93.22 2 1
github.com/onelogin/onelogin-go-sdk/pkg/services/olhttp/olrequest.go:96.3,96.99 1 1
github.com/onelogin/onelogin-go-sdk/pkg/services/olhttp/olrequest.go:93.22,95.4 1 0
github.com/onelogin/onelogin-go-sdk/pkg/services/olhttp/olrequest.go:97.8,99.3 1 1
github.com/onelogin/onelogin-go-sdk/pkg/services/olhttp/olrequest.go:100.19,102.3 1 0
github.com/onelogin/onelogin-go-sdk/pkg/services/olhttp/olrequest.go:104.16,106.3 1 1
github.com/onelogin/onelogin-go-sdk/pkg/services/olhttp/olrequest.go:111.64,117.36 3 1
github.com/onelogin/onelogin-go-sdk/pkg/services/olhttp/olrequest.go:126.2,126.19 1 1
github.com/onelogin/onelogin-go-sdk/pkg/services/olhttp/olrequest.go:129.2,130.16 2 1
github.com/onelogin/onelogin-go-sdk/pkg/services/olhttp/olrequest.go:133.2,133.18 1 1
github.com/onelogin/onelogin-go-sdk/pkg/services/olhttp/olrequest.go:117.36,119.22 2 1
github.com/onelogin/onelogin-go-sdk/pkg/services/olhttp/olrequest.go:122.3,122.98 1 1
github.com/onelogin/onelogin-go-sdk/pkg/services/olhttp/olrequest.go:119.22,121.4 1 0
github.com/onelogin/onelogin-go-sdk/pkg/services/olhttp/olrequest.go:123.8,125.3 1 1
github.com/onelogin/onelogin-go-sdk/pkg/services/olhttp/olrequest.go:126.19,128.3 1 0
github.com/onelogin/onelogin-go-sdk/pkg/services/olhttp/olrequest.go:130.16,132.3 1 0
github.com/onelogin/onelogin-go-sdk/pkg/services/olhttp/olrequest.go:137.65,140.19 3 1
github.com/onelogin/onelogin-go-sdk/pkg/services/olhttp/olrequest.go:143.2,144.16 2 1
github.com/onelogin/onelogin-go-sdk/pkg/services/olhttp/olrequest.go:147.2,147.18 1 1
github.com/onelogin/onelogin-go-sdk/pkg/services/olhttp/olrequest.go:140.19,142.3 1 0
github.com/onelogin/onelogin-go-sdk/pkg/services/olhttp/olrequest.go:144.16,146.3 1 0
github.com/onelogin/onelogin-go-sdk/pkg/services/olhttp/olrequest.go:151.84,154.16 3 1
github.com/onelogin/onelogin-go-sdk/pkg/services/olhttp/olrequest.go:157.2,158.45 2 1
github.com/onelogin/onelogin-go-sdk/pkg/services/olhttp/olrequest.go:161.2,161.22 1 1
github.com/onelogin/onelogin-go-sdk/pkg/services/olhttp/olrequest.go:166.2,167.12 2 1
github.com/onelogin/onelogin-go-sdk/pkg/services/olhttp/olrequest.go:154.16,156.3 1 0
github.com/onelogin/onelogin-go-sdk/pkg/services/olhttp/olrequest.go:158.45,160.3 1 0
github.com/onelogin/onelogin-go-sdk/pkg/services/olhttp/olrequest.go:161.22,162.14 1 1
github.com/onelogin/onelogin-go-sdk/pkg/services/olhttp/olrequest.go:162.14,164.4 1 1
github.com/onelogin/onelogin-go-sdk/pkg/services/olhttp/olrequest.go:172.97,174.48 1 1
github.com/onelogin/onelogin-go-sdk/pkg/services/olhttp/olrequest.go:177.2,177.53 1 1
github.com/onelogin/onelogin-go-sdk/pkg/services/olhttp/olrequest.go:192.2,192.12 1 1
github.com/onelogin/onelogin-go-sdk/pkg/services/olhttp/olrequest.go:174.48,176.3 1 1
github.com/onelogin/onelogin-go-sdk/pkg/services/olhttp/olrequest.go:178.16,179.51 1 1
github.com/onelogin/onelogin-go-sdk/pkg/services/olhttp/olrequest.go:184.3,184.46 1 1
github.com/onelogin/onelogin-go-sdk/pkg/services/olhttp/olrequest.go:187.15,188.65 1 1
github.com/onelogin/onelogin-go-sdk/pkg/services/olhttp/olrequest.go:189.10,189.10 0 1
github.com/onelogin/onelogin-go-sdk/pkg/services/olhttp/olrequest.go:179.51,180.46 1 1
github.com/onelogin/onelogin-go-sdk/pkg/services/olhttp/olrequest.go:180.46,182.5 1 1
github.com/onelogin/onelogin-go-sdk/pkg/services/olhttp/olrequest.go:184.46,186.4 1 1
github.com/onelogin/onelogin-go-sdk/pkg/services/olhttp/olrequest.go:197.121,198.64 1 1
github.com/onelogin/onelogin-go-sdk/pkg/services/olhttp/olrequest.go:202.2,204.16 3 1
github.com/onelogin/onelogin-go-sdk/pkg/services/olhttp/olrequest.go:207.2,209.9 2 1
github.com/onelogin/onelogin-go-sdk/pkg/services/olhttp/olrequest.go:198.64,200.3 1 1
github.com/onelogin/onelogin-go-sdk/pkg/services/olhttp/olrequest.go:204.16,206.3 1 0
github.com/onelogin/onelogin-go-sdk/pkg/services/olhttp/olrequest.go:210.91,211.45 1 1
github.com/onelogin/onelogin-go-sdk/pkg/services/olhttp/olrequest.go:217.3,217.99 1 1
github.com/onelogin/onelogin-go-sdk/pkg/services/olhttp/olrequest.go:218.56,219.105 1 1
github.com/onelogin/onelogin-go-sdk/pkg/services/olhttp/olrequest.go:220.56,221.104 1 1
github.com/onelogin/onelogin-go-sdk/pkg/services/olhttp/olrequest.go:222.10,223.33 1 1
github.com/onelogin/onelogin-go-sdk/pkg/services/olhttp/olrequest.go:211.45,212.46 1 1
github.com/onelogin/onelogin-go-sdk/pkg/services/olhttp/olrequest.go:215.4,215.48 1 1
github.com/onelogin/onelogin-go-sdk/pkg/services/olhttp/olrequest.go:212.46,214.5 1 0
github.com/onelogin/onelogin-go-sdk/pkg/services/olhttp/olrequest.go:228.71,235.16 2 1
github.com/onelogin/onelogin-go-sdk/pkg/services/olhttp/olrequest.go:239.2,240.53 2 1
github.com/onelogin/onelogin-go-sdk/pkg/services/olhttp/olrequest.go:243.2,243.20 1 1
github.com/onelogin/onelogin-go-sdk/pkg/services/olhttp/olrequest.go:235.16,237.3 1 1
github.com/onelogin/onelogin-go-sdk/pkg/services/olhttp/olrequest.go:240.53,242.3 1 0
github.com/onelogin/onelogin-go-sdk/pkg/services/olhttp/olrequest.go:247.47,250.16 3 1
github.com/onelogin/onelogin-go-sdk/pkg/services/olhttp/olrequest.go:253.2,253.12 1 1
github.com/onelogin/onelogin-go-sdk/pkg/services/olhttp/olrequest.go:250.16,252.3 1 1
